<?xml version="1.0" encoding="UTF-8"?>
<!-- Generated by org.testng.reporters.JUnitXMLReporter -->
<testsuite ignored="0" hostname="Sumit" failures="0" tests="4" name="Default test" time="11.342" errors="0" timestamp="2023-09-05T13:43:55 IST">
  <testcase classname="api.testcases.UserTest" name="testCreateUser" time="3.076"/>
  <testcase classname="api.testcases.UserTest" name="testGetUserDetails" time="1.572"/>
  <testcase classname="api.testcases.UserTest" name="testUpdateUserDetails" time="2.945"/>
  <testcase classname="api.testcases.UserTest" name="testDeleteUserDetails" time="3.011"/>
</testsuite> <!-- Default test -->
