<?xml version="1.0" encoding="UTF-8"?>
<!-- Generated by org.testng.reporters.JUnitXMLReporter -->
<testsuite ignored="0" hostname="Sumit" failures="0" tests="4" name="Test" time="11.933" errors="0" timestamp="2023-09-10T10:07:46 IST">
  <testcase classname="api.testcases.UserTest2" name="testCreateUser" time="3.688"/>
  <testcase classname="api.testcases.UserTest2" name="testGetUserDetails" time="1.558"/>
  <testcase classname="api.testcases.UserTest2" name="testUpdateUserDetails" time="3.068"/>
  <testcase classname="api.testcases.UserTest2" name="testDeleteUserDetails" time="3.071"/>
</testsuite> <!-- Test -->
