<?xml version="1.0" encoding="UTF-8"?>
<!-- Generated by org.testng.reporters.JUnitXMLReporter -->
<testsuite ignored="0" hostname="Sumit" failures="0" tests="4" name="Test" time="11.453" errors="0" timestamp="2023-09-10T10:08:34 IST">
  <testcase classname="api.testcases.UserTest2" name="testCreateUser" time="3.286"/>
  <testcase classname="api.testcases.UserTest2" name="testGetUserDetails" time="1.556"/>
  <testcase classname="api.testcases.UserTest2" name="testUpdateUserDetails" time="3.069"/>
  <testcase classname="api.testcases.UserTest2" name="testDeleteUserDetails" time="3.072"/>
</testsuite> <!-- Test -->
