<?xml version="1.0" encoding="UTF-8"?>
<testng-results ignored="0" total="4" passed="4" failed="0" skipped="0">
  <reporter-output>
  </reporter-output>
  <suite started-at="2023-09-10T10:08:22 IST" name="Suite" finished-at="2023-09-10T10:08:34 IST" duration-ms="11453">
    <groups>
    </groups>
    <test started-at="2023-09-10T10:08:22 IST" name="Test" finished-at="2023-09-10T10:08:34 IST" duration-ms="11453">
      <class name="api.testcases.UserTest2">
        <test-method is-config="true" signature="generateTestData()[pri:0, instance:api.testcases.UserTest2@4facf68f]" started-at="2023-09-10T10:08:23 IST" name="generateTestData" finished-at="2023-09-10T10:08:23 IST" duration-ms="208" status="PASS">
          <reporter-output>
          </reporter-output>
        </test-method> <!-- generateTestData -->
        <test-method signature="testCreateUser()[pri:1, instance:api.testcases.UserTest2@4facf68f]" started-at="2023-09-10T10:08:23 IST" name="testCreateUser" finished-at="2023-09-10T10:08:26 IST" duration-ms="3286" status="PASS">
          <reporter-output>
          </reporter-output>
        </test-method> <!-- testCreateUser -->
        <test-method signature="testGetUserDetails()[pri:2, instance:api.testcases.UserTest2@4facf68f]" started-at="2023-09-10T10:08:26 IST" name="testGetUserDetails" finished-at="2023-09-10T10:08:28 IST" duration-ms="1556" status="PASS">
          <reporter-output>
          </reporter-output>
        </test-method> <!-- testGetUserDetails -->
        <test-method signature="testUpdateUserDetails()[pri:3, instance:api.testcases.UserTest2@4facf68f]" started-at="2023-09-10T10:08:28 IST" name="testUpdateUserDetails" finished-at="2023-09-10T10:08:31 IST" duration-ms="3069" status="PASS">
          <reporter-output>
          </reporter-output>
        </test-method> <!-- testUpdateUserDetails -->
        <test-method signature="testDeleteUserDetails()[pri:4, instance:api.testcases.UserTest2@4facf68f]" started-at="2023-09-10T10:08:31 IST" name="testDeleteUserDetails" finished-at="2023-09-10T10:08:34 IST" duration-ms="3072" status="PASS">
          <reporter-output>
          </reporter-output>
        </test-method> <!-- testDeleteUserDetails -->
      </class> <!-- api.testcases.UserTest2 -->
    </test> <!-- Test -->
  </suite> <!-- Suite -->
</testng-results>
