<?xml version="1.0" encoding="UTF-8"?>
<testng-results ignored="0" total="4" passed="4" failed="0" skipped="0">
  <reporter-output>
  </reporter-output>
  <suite started-at="2023-09-10T10:07:34 IST" name="Suite" finished-at="2023-09-10T10:07:45 IST" duration-ms="11933">
    <groups>
    </groups>
    <test started-at="2023-09-10T10:07:34 IST" name="Test" finished-at="2023-09-10T10:07:45 IST" duration-ms="11933">
      <class name="api.testcases.UserTest2">
        <test-method is-config="true" signature="generateTestData()[pri:0, instance:api.testcases.UserTest2@1a482e36]" started-at="2023-09-10T10:07:34 IST" name="generateTestData" finished-at="2023-09-10T10:07:34 IST" duration-ms="209" status="PASS">
          <reporter-output>
          </reporter-output>
        </test-method> <!-- generateTestData -->
        <test-method signature="testCreateUser()[pri:1, instance:api.testcases.UserTest2@1a482e36]" started-at="2023-09-10T10:07:34 IST" name="testCreateUser" finished-at="2023-09-10T10:07:38 IST" duration-ms="3688" status="PASS">
          <reporter-output>
          </reporter-output>
        </test-method> <!-- testCreateUser -->
        <test-method signature="testGetUserDetails()[pri:2, instance:api.testcases.UserTest2@1a482e36]" started-at="2023-09-10T10:07:38 IST" name="testGetUserDetails" finished-at="2023-09-10T10:07:39 IST" duration-ms="1558" status="PASS">
          <reporter-output>
          </reporter-output>
        </test-method> <!-- testGetUserDetails -->
        <test-method signature="testUpdateUserDetails()[pri:3, instance:api.testcases.UserTest2@1a482e36]" started-at="2023-09-10T10:07:39 IST" name="testUpdateUserDetails" finished-at="2023-09-10T10:07:42 IST" duration-ms="3068" status="PASS">
          <reporter-output>
          </reporter-output>
        </test-method> <!-- testUpdateUserDetails -->
        <test-method signature="testDeleteUserDetails()[pri:4, instance:api.testcases.UserTest2@1a482e36]" started-at="2023-09-10T10:07:42 IST" name="testDeleteUserDetails" finished-at="2023-09-10T10:07:45 IST" duration-ms="3071" status="PASS">
          <reporter-output>
          </reporter-output>
        </test-method> <!-- testDeleteUserDetails -->
      </class> <!-- api.testcases.UserTest2 -->
    </test> <!-- Test -->
  </suite> <!-- Suite -->
</testng-results>
